{"uid":"2805f8aca4c567da","name":"Test - page of products","fullName":"SauceDemo.TestMainPage.productspage","historyId":"18b7e35e5e2d6e66f9d587032dcfbbaf","time":{"start":1730534928098,"stop":1730534929269,"duration":1171},"description":"This test fill the cart with products","descriptionHtml":"<p>This test fill the cart with products</p>\n","status":"failed","statusMessage":"expected [5] but found [[[ChromeDriver: chrome on WINDOWS (62fe0258a0f244b12b6f53335c5104c5)] -> xpath: //a[@class='shopping_cart_link']/span]]","statusTrace":"java.lang.AssertionError: expected [5] but found [[[ChromeDriver: chrome on WINDOWS (62fe0258a0f244b12b6f53335c5104c5)] -> xpath: //a[@class='shopping_cart_link']/span]]\r\n\tat org.testng.Assert.fail(Assert.java:99)\r\n\tat org.testng.Assert.failNotEquals(Assert.java:1037)\r\n\tat org.testng.Assert.assertEqualsImpl(Assert.java:140)\r\n\tat org.testng.Assert.assertEquals(Assert.java:122)\r\n\tat org.testng.Assert.assertEquals(Assert.java:617)\r\n\tat SauceDemo.ProductsPage.next(ProductsPage.java:71)\r\n\tat SauceDemo.TestMainPage.productspage(TestMainPage.java:37)\r\n\tat java.base/jdk.internal.reflect.NativeMethodAccessorImpl.invoke0(Native Method)\r\n\tat java.base/jdk.internal.reflect.NativeMethodAccessorImpl.invoke(NativeMethodAccessorImpl.java:62)\r\n\tat java.base/jdk.internal.reflect.DelegatingMethodAccessorImpl.invoke(DelegatingMethodAccessorImpl.java:43)\r\n\tat java.base/java.lang.reflect.Method.invoke(Method.java:566)\r\n\tat org.testng.internal.MethodInvocationHelper.invokeMethod(MethodInvocationHelper.java:133)\r\n\tat org.testng.internal.TestInvoker.invokeMethod(TestInvoker.java:598)\r\n\tat org.testng.internal.TestInvoker.invokeTestMethod(TestInvoker.java:173)\r\n\tat org.testng.internal.MethodRunner.runInSequence(MethodRunner.java:46)\r\n\tat org.testng.internal.TestInvoker$MethodInvocationAgent.invoke(TestInvoker.java:824)\r\n\tat org.testng.internal.TestInvoker.invokeTestMethods(TestInvoker.java:146)\r\n\tat org.testng.internal.TestMethodWorker.invokeTestMethods(TestMethodWorker.java:146)\r\n\tat org.testng.internal.TestMethodWorker.run(TestMethodWorker.java:128)\r\n\tat java.base/java.util.ArrayList.forEach(ArrayList.java:1541)\r\n\tat org.testng.TestRunner.privateRun(TestRunner.java:794)\r\n\tat org.testng.TestRunner.run(TestRunner.java:596)\r\n\tat org.testng.SuiteRunner.runTest(SuiteRunner.java:377)\r\n\tat org.testng.SuiteRunner.runSequentially(SuiteRunner.java:371)\r\n\tat org.testng.SuiteRunner.privateRun(SuiteRunner.java:332)\r\n\tat org.testng.SuiteRunner.run(SuiteRunner.java:276)\r\n\tat org.testng.SuiteRunnerWorker.runSuite(SuiteRunnerWorker.java:53)\r\n\tat org.testng.SuiteRunnerWorker.run(SuiteRunnerWorker.java:96)\r\n\tat org.testng.TestNG.runSuitesSequentially(TestNG.java:1212)\r\n\tat org.testng.TestNG.runSuitesLocally(TestNG.java:1134)\r\n\tat org.testng.TestNG.runSuites(TestNG.java:1063)\r\n\tat org.testng.TestNG.run(TestNG.java:1031)\r\n\tat com.intellij.rt.testng.IDEARemoteTestNG.run(IDEARemoteTestNG.java:66)\r\n\tat com.intellij.rt.testng.RemoteTestNGStarter.main(RemoteTestNGStarter.java:109)\r\n","flaky":false,"newFailed":false,"newBroken":false,"newPassed":false,"retriesCount":0,"retriesStatusChange":false,"beforeStages":[],"testStage":{"description":"This test fill the cart with products","status":"failed","statusMessage":"expected [5] but found [[[ChromeDriver: chrome on WINDOWS (62fe0258a0f244b12b6f53335c5104c5)] -> xpath: //a[@class='shopping_cart_link']/span]]","statusTrace":"java.lang.AssertionError: expected [5] but found [[[ChromeDriver: chrome on WINDOWS (62fe0258a0f244b12b6f53335c5104c5)] -> xpath: //a[@class='shopping_cart_link']/span]]\r\n\tat org.testng.Assert.fail(Assert.java:99)\r\n\tat org.testng.Assert.failNotEquals(Assert.java:1037)\r\n\tat org.testng.Assert.assertEqualsImpl(Assert.java:140)\r\n\tat org.testng.Assert.assertEquals(Assert.java:122)\r\n\tat org.testng.Assert.assertEquals(Assert.java:617)\r\n\tat SauceDemo.ProductsPage.next(ProductsPage.java:71)\r\n\tat SauceDemo.TestMainPage.productspage(TestMainPage.java:37)\r\n\tat java.base/jdk.internal.reflect.NativeMethodAccessorImpl.invoke0(Native Method)\r\n\tat java.base/jdk.internal.reflect.NativeMethodAccessorImpl.invoke(NativeMethodAccessorImpl.java:62)\r\n\tat java.base/jdk.internal.reflect.DelegatingMethodAccessorImpl.invoke(DelegatingMethodAccessorImpl.java:43)\r\n\tat java.base/java.lang.reflect.Method.invoke(Method.java:566)\r\n\tat org.testng.internal.MethodInvocationHelper.invokeMethod(MethodInvocationHelper.java:133)\r\n\tat org.testng.internal.TestInvoker.invokeMethod(TestInvoker.java:598)\r\n\tat org.testng.internal.TestInvoker.invokeTestMethod(TestInvoker.java:173)\r\n\tat org.testng.internal.MethodRunner.runInSequence(MethodRunner.java:46)\r\n\tat org.testng.internal.TestInvoker$MethodInvocationAgent.invoke(TestInvoker.java:824)\r\n\tat org.testng.internal.TestInvoker.invokeTestMethods(TestInvoker.java:146)\r\n\tat org.testng.internal.TestMethodWorker.invokeTestMethods(TestMethodWorker.java:146)\r\n\tat org.testng.internal.TestMethodWorker.run(TestMethodWorker.java:128)\r\n\tat java.base/java.util.ArrayList.forEach(ArrayList.java:1541)\r\n\tat org.testng.TestRunner.privateRun(TestRunner.java:794)\r\n\tat org.testng.TestRunner.run(TestRunner.java:596)\r\n\tat org.testng.SuiteRunner.runTest(SuiteRunner.java:377)\r\n\tat org.testng.SuiteRunner.runSequentially(SuiteRunner.java:371)\r\n\tat org.testng.SuiteRunner.privateRun(SuiteRunner.java:332)\r\n\tat org.testng.SuiteRunner.run(SuiteRunner.java:276)\r\n\tat org.testng.SuiteRunnerWorker.runSuite(SuiteRunnerWorker.java:53)\r\n\tat org.testng.SuiteRunnerWorker.run(SuiteRunnerWorker.java:96)\r\n\tat org.testng.TestNG.runSuitesSequentially(TestNG.java:1212)\r\n\tat org.testng.TestNG.runSuitesLocally(TestNG.java:1134)\r\n\tat org.testng.TestNG.runSuites(TestNG.java:1063)\r\n\tat org.testng.TestNG.run(TestNG.java:1031)\r\n\tat com.intellij.rt.testng.IDEARemoteTestNG.run(IDEARemoteTestNG.java:66)\r\n\tat com.intellij.rt.testng.RemoteTestNGStarter.main(RemoteTestNGStarter.java:109)\r\n","steps":[{"name":"---------------------- Test productspage Failed ------------------","time":{"start":1730534929132,"stop":1730534929132,"duration":0},"status":"passed","steps":[],"attachments":[],"parameters":[{"name":"message","value":"---------------------- Test productspage Failed ------------------"}],"hasContent":true,"stepsCount":0,"attachmentStep":false,"shouldDisplayMessage":false,"attachmentsCount":0}],"attachments":[{"uid":"57d39645d9c16f2c","name":"Page Screenshot","source":"57d39645d9c16f2c.png","type":"image/png","size":72134}],"parameters":[],"hasContent":true,"stepsCount":1,"attachmentStep":false,"shouldDisplayMessage":true,"attachmentsCount":1},"afterStages":[],"labels":[{"name":"package","value":"SauceDemo.TestMainPage"},{"name":"testClass","value":"SauceDemo.TestMainPage"},{"name":"testMethod","value":"productspage"},{"name":"parentSuite","value":"Default Suite"},{"name":"suite","value":"TestAutomation"},{"name":"subSuite","value":"SauceDemo.TestMainPage"},{"name":"host","value":"LAPTOP-BQQB9QNF"},{"name":"thread","value":"2728@LAPTOP-BQQB9QNF.main(1)"},{"name":"framework","value":"testng"},{"name":"language","value":"java"},{"name":"resultFormat","value":"allure2"}],"parameters":[],"links":[],"hidden":true,"retry":true,"extra":{"categories":[],"tags":[]},"source":"2805f8aca4c567da.json","parameterValues":[]}